mode: set
github.com/andriiyaremenko/pipelines/pipeline.go:14.90,18.75 2 1
github.com/andriiyaremenko/pipelines/pipeline.go:18.75,22.4 2 1
github.com/andriiyaremenko/pipelines/pipeline.go:27.66,31.75 2 1
github.com/andriiyaremenko/pipelines/pipeline.go:31.75,36.4 3 1
github.com/andriiyaremenko/pipelines/pipeline.go:44.82,54.2 6 1
github.com/andriiyaremenko/pipelines/pipeline.go:62.18,65.18 2 1
github.com/andriiyaremenko/pipelines/pipeline.go:69.2,69.31 1 1
github.com/andriiyaremenko/pipelines/pipeline.go:86.2,86.11 1 1
github.com/andriiyaremenko/pipelines/pipeline.go:65.18,67.3 1 1
github.com/andriiyaremenko/pipelines/pipeline.go:69.31,71.13 2 1
github.com/andriiyaremenko/pipelines/pipeline.go:71.13,72.32 1 1
github.com/andriiyaremenko/pipelines/pipeline.go:82.4,82.12 1 1
github.com/andriiyaremenko/pipelines/pipeline.go:72.32,73.25 1 1
github.com/andriiyaremenko/pipelines/pipeline.go:79.5,79.34 1 1
github.com/andriiyaremenko/pipelines/pipeline.go:73.25,76.14 2 1
github.com/andriiyaremenko/pipelines/result.go:10.95,11.51 1 1
github.com/andriiyaremenko/pipelines/result.go:11.51,12.17 1 1
github.com/andriiyaremenko/pipelines/result.go:18.3,18.32 1 1
github.com/andriiyaremenko/pipelines/result.go:12.17,16.4 2 1
github.com/andriiyaremenko/pipelines/result.go:24.74,25.51 1 1
github.com/andriiyaremenko/pipelines/result.go:25.51,26.17 1 1
github.com/andriiyaremenko/pipelines/result.go:30.3,30.32 1 1
github.com/andriiyaremenko/pipelines/result.go:26.17,28.4 1 1
github.com/andriiyaremenko/pipelines/result.go:36.98,40.31 3 1
github.com/andriiyaremenko/pipelines/result.go:47.2,47.18 1 1
github.com/andriiyaremenko/pipelines/result.go:40.31,42.17 2 1
github.com/andriiyaremenko/pipelines/result.go:42.17,44.4 1 1
github.com/andriiyaremenko/pipelines/result.go:52.47,56.31 3 1
github.com/andriiyaremenko/pipelines/result.go:62.2,62.15 1 1
github.com/andriiyaremenko/pipelines/result.go:56.31,57.31 1 1
github.com/andriiyaremenko/pipelines/result.go:57.31,59.4 1 1
github.com/andriiyaremenko/pipelines/result.go:67.49,70.31 2 1
github.com/andriiyaremenko/pipelines/result.go:76.2,76.12 1 1
github.com/andriiyaremenko/pipelines/result.go:70.31,71.31 1 1
github.com/andriiyaremenko/pipelines/result.go:71.31,73.4 1 1
github.com/andriiyaremenko/pipelines/result.go:79.71,84.2 1 1
github.com/andriiyaremenko/pipelines/result.go:96.29,97.19 1 1
github.com/andriiyaremenko/pipelines/result.go:97.19,100.22 2 1
github.com/andriiyaremenko/pipelines/result.go:100.23,101.4 0 1
github.com/andriiyaremenko/pipelines/errors.go:8.45,10.2 1 1
github.com/andriiyaremenko/pipelines/errors.go:13.52,15.2 1 1
github.com/andriiyaremenko/pipelines/errors.go:23.37,25.2 1 1
github.com/andriiyaremenko/pipelines/errors.go:27.37,29.2 1 1
github.com/andriiyaremenko/pipelines/handle.go:13.79,14.51 1 1
github.com/andriiyaremenko/pipelines/handle.go:14.51,16.3 1 1
github.com/andriiyaremenko/pipelines/handle.go:20.74,21.51 1 1
github.com/andriiyaremenko/pipelines/handle.go:21.51,23.3 1 1
github.com/andriiyaremenko/pipelines/handle.go:27.73,28.49 1 1
github.com/andriiyaremenko/pipelines/handle.go:28.49,30.3 1 1
github.com/andriiyaremenko/pipelines/handle.go:34.93,35.57 1 1
github.com/andriiyaremenko/pipelines/handle.go:35.57,37.17 2 1
github.com/andriiyaremenko/pipelines/handle.go:41.3,41.20 1 1
github.com/andriiyaremenko/pipelines/handle.go:37.17,39.4 1 1
github.com/andriiyaremenko/pipelines/handle.go:46.100,47.57 1 1
github.com/andriiyaremenko/pipelines/handle.go:47.57,49.17 2 1
github.com/andriiyaremenko/pipelines/handle.go:53.3,53.16 1 1
github.com/andriiyaremenko/pipelines/handle.go:49.17,51.4 1 1
github.com/andriiyaremenko/pipelines/handler.go:10.80,12.2 1 1
github.com/andriiyaremenko/pipelines/handler.go:17.87,19.2 1 1
github.com/andriiyaremenko/pipelines/handler.go:22.116,23.56 1 1
github.com/andriiyaremenko/pipelines/handler.go:23.56,25.3 1 1
github.com/andriiyaremenko/pipelines/handler.go:29.87,31.2 1 1
github.com/andriiyaremenko/pipelines/handler.go:34.108,36.2 1 1
github.com/andriiyaremenko/pipelines/handler.go:39.62,40.64 1 1
github.com/andriiyaremenko/pipelines/handler.go:40.64,42.17 2 1
github.com/andriiyaremenko/pipelines/handler.go:48.3,48.32 1 1
github.com/andriiyaremenko/pipelines/handler.go:42.17,46.4 2 1
github.com/andriiyaremenko/pipelines/handler.go:52.53,53.64 1 1
github.com/andriiyaremenko/pipelines/handler.go:53.64,55.3 1 1
github.com/andriiyaremenko/pipelines/event_rw.go:25.52,31.2 2 1
github.com/andriiyaremenko/pipelines/event_rw.go:40.45,42.2 1 1
github.com/andriiyaremenko/pipelines/event_rw.go:44.49,47.23 2 1
github.com/andriiyaremenko/pipelines/event_rw.go:54.2,57.12 3 1
github.com/andriiyaremenko/pipelines/event_rw.go:65.2,65.10 1 1
github.com/andriiyaremenko/pipelines/event_rw.go:47.23,48.13 1 1
github.com/andriiyaremenko/pipelines/event_rw.go:48.13,51.4 2 1
github.com/andriiyaremenko/pipelines/event_rw.go:57.12,58.25 1 1
github.com/andriiyaremenko/pipelines/event_rw.go:62.3,62.24 1 1
github.com/andriiyaremenko/pipelines/event_rw.go:58.25,60.4 1 1
github.com/andriiyaremenko/pipelines/event_rw.go:78.39,80.12 2 1
github.com/andriiyaremenko/pipelines/event_rw.go:80.12,83.16 2 1
github.com/andriiyaremenko/pipelines/event_rw.go:87.3,88.19 2 1
github.com/andriiyaremenko/pipelines/event_rw.go:83.16,85.4 1 1
github.com/andriiyaremenko/pipelines/event_rw.go:92.28,93.22 1 1
github.com/andriiyaremenko/pipelines/event_rw.go:93.22,101.3 5 1
github.com/andriiyaremenko/pipelines/worker.go:23.113,34.2 3 1
github.com/andriiyaremenko/pipelines/worker.go:46.48,50.16 3 1
github.com/andriiyaremenko/pipelines/worker.go:54.2,56.12 2 1
github.com/andriiyaremenko/pipelines/worker.go:50.16,52.3 1 1
github.com/andriiyaremenko/pipelines/worker.go:59.41,64.2 3 1
github.com/andriiyaremenko/pipelines/worker.go:66.32,67.15 1 1
github.com/andriiyaremenko/pipelines/worker.go:71.2,78.12 5 1
github.com/andriiyaremenko/pipelines/worker.go:67.15,69.3 1 0
github.com/andriiyaremenko/pipelines/worker.go:78.12,80.22 2 1
github.com/andriiyaremenko/pipelines/worker.go:91.3,91.7 1 1
github.com/andriiyaremenko/pipelines/worker.go:80.22,89.4 5 1
github.com/andriiyaremenko/pipelines/worker.go:91.7,92.11 1 1
github.com/andriiyaremenko/pipelines/worker.go:100.4,100.11 1 1
github.com/andriiyaremenko/pipelines/worker.go:93.24,96.11 2 1
github.com/andriiyaremenko/pipelines/worker.go:97.12,97.12 0 1
github.com/andriiyaremenko/pipelines/worker.go:101.24,104.11 2 1
github.com/andriiyaremenko/pipelines/worker.go:105.32,107.15 2 1
github.com/andriiyaremenko/pipelines/worker.go:107.15,114.6 4 1
